C:\USERS\CAPTAIN\DOCUMENTS\VISUAL STUDIO 2012\PROJECTS\INSIGHT FELLOWSHIP CODE CHALLENGE\INSIGHT FELLOWSHIP CODE CHALLENGE\DEBUG\INSIGHT_FELLOWSHIP_SRC.OBJ
C:\USERS\CAPTAIN\DOCUMENTS\VISUAL STUDIO 2012\PROJECTS\INSIGHT FELLOWSHIP CODE CHALLENGE\INSIGHT FELLOWSHIP CODE CHALLENGE\DEBUG\VC110.PDB
D:\INSIGHT FELLOWSHIP CODE CHALLENGE\INSIGHT FELLOWSHIP CODE CHALLENGE\DEBUG\INSIGHT_FELLOWSHIP_SRC.OBJ
D:\INSIGHT FELLOWSHIP CODE CHALLENGE\INSIGHT FELLOWSHIP CODE CHALLENGE\DEBUG\VC110.PDB
C:\USERS\CAPTAIN\DOCUMENTS\VISUAL STUDIO 2012\PROJECTS\INSIGHT FELLOWSHIP CODE CHALLENGE\DEBUG\INSIGHT FELLOWSHIP CODE CHALLENGE.ILK
C:\USERS\CAPTAIN\DOCUMENTS\VISUAL STUDIO 2012\PROJECTS\INSIGHT FELLOWSHIP CODE CHALLENGE\DEBUG\INSIGHT FELLOWSHIP CODE CHALLENGE.EXE
C:\USERS\CAPTAIN\DOCUMENTS\VISUAL STUDIO 2012\PROJECTS\INSIGHT FELLOWSHIP CODE CHALLENGE\DEBUG\INSIGHT FELLOWSHIP CODE CHALLENGE.PDB
D:\INSIGHT FELLOWSHIP CODE CHALLENGE\DEBUG\INSIGHT FELLOWSHIP CODE CHALLENGE.ILK
D:\INSIGHT FELLOWSHIP CODE CHALLENGE\DEBUG\INSIGHT FELLOWSHIP CODE CHALLENGE.EXE
D:\INSIGHT FELLOWSHIP CODE CHALLENGE\DEBUG\INSIGHT FELLOWSHIP CODE CHALLENGE.PDB
D:\Insight Fellowship Code Challenge\Insight Fellowship Code Challenge\Debug\insight_fellowship_src.obj
D:\Insight Fellowship Code Challenge\Insight Fellowship Code Challenge\Debug\cl.command.1.tlog
D:\Insight Fellowship Code Challenge\Insight Fellowship Code Challenge\Debug\CL.read.1.tlog
D:\Insight Fellowship Code Challenge\Insight Fellowship Code Challenge\Debug\CL.write.1.tlog
D:\Insight Fellowship Code Challenge\Insight Fellowship Code Challenge\Debug\link-cvtres.read.1.tlog
D:\Insight Fellowship Code Challenge\Insight Fellowship Code Challenge\Debug\link-cvtres.write.1.tlog
D:\Insight Fellowship Code Challenge\Insight Fellowship Code Challenge\Debug\link-rc.read.1.tlog
D:\Insight Fellowship Code Challenge\Insight Fellowship Code Challenge\Debug\link-rc.write.1.tlog
D:\Insight Fellowship Code Challenge\Insight Fellowship Code Challenge\Debug\link.7904-cvtres.read.1.tlog
D:\Insight Fellowship Code Challenge\Insight Fellowship Code Challenge\Debug\link.7904-cvtres.write.1.tlog
D:\Insight Fellowship Code Challenge\Insight Fellowship Code Challenge\Debug\link.7904-rc.read.1.tlog
D:\Insight Fellowship Code Challenge\Insight Fellowship Code Challenge\Debug\link.7904-rc.write.1.tlog
D:\Insight Fellowship Code Challenge\Insight Fellowship Code Challenge\Debug\link.7904.read.1.tlog
D:\Insight Fellowship Code Challenge\Insight Fellowship Code Challenge\Debug\link.7904.write.1.tlog
D:\Insight Fellowship Code Challenge\Insight Fellowship Code Challenge\Debug\link.9960-cvtres.read.1.tlog
D:\Insight Fellowship Code Challenge\Insight Fellowship Code Challenge\Debug\link.9960-cvtres.write.1.tlog
D:\Insight Fellowship Code Challenge\Insight Fellowship Code Challenge\Debug\link.9960-rc.read.1.tlog
D:\Insight Fellowship Code Challenge\Insight Fellowship Code Challenge\Debug\link.9960-rc.write.1.tlog
D:\Insight Fellowship Code Challenge\Insight Fellowship Code Challenge\Debug\link.9960.read.1.tlog
D:\Insight Fellowship Code Challenge\Insight Fellowship Code Challenge\Debug\link.9960.write.1.tlog
D:\Insight Fellowship Code Challenge\Insight Fellowship Code Challenge\Debug\link.9968-cvtres.read.1.tlog
D:\Insight Fellowship Code Challenge\Insight Fellowship Code Challenge\Debug\link.9968-cvtres.write.1.tlog
D:\Insight Fellowship Code Challenge\Insight Fellowship Code Challenge\Debug\link.9968-rc.read.1.tlog
D:\Insight Fellowship Code Challenge\Insight Fellowship Code Challenge\Debug\link.9968-rc.write.1.tlog
D:\Insight Fellowship Code Challenge\Insight Fellowship Code Challenge\Debug\link.9968.read.1.tlog
D:\Insight Fellowship Code Challenge\Insight Fellowship Code Challenge\Debug\link.9968.write.1.tlog
D:\Insight Fellowship Code Challenge\Insight Fellowship Code Challenge\Debug\link.command.1.tlog
D:\Insight Fellowship Code Challenge\Insight Fellowship Code Challenge\Debug\link.read.1.tlog
D:\Insight Fellowship Code Challenge\Insight Fellowship Code Challenge\Debug\link.write.1.tlog
D:\Insight Fellowship Code Challenge\Insight Fellowship Code Challenge\Debug\vc110.idb
D:\Insight Fellowship Code Challenge\Insight Fellowship Code Challenge\Debug\vc110.pdb
D:\Insight Fellowship Code Challenge\Debug\Insight Fellowship Code Challenge.pdb
D:\Insight Fellowship Code Challenge\Debug\Insight Fellowship Code Challenge.exe
D:\Insight Fellowship Code Challenge\Debug\Insight Fellowship Code Challenge.ilk
